<?xml version="1.0" encoding="UTF-8"?>
<!-- Generated by org.testng.reporters.JUnitXMLReporter -->
<testsuite ignored="2" hostname="LAPTOP-VD3S5LO8" failures="3" tests="6" name="SignInTest" time="11.454" errors="0" timestamp="2023-06-15T21:51:27 IST">
  <testcase classname="com.etsy.utills.ExtentReport" name="@AfterMethod getReport" time="0.507">
    <failure type="java.io.IOException" message="Cannot create directory &amp;apos;C:\Users\kathiravan\Documents\Eclipse_work-space\etsyindia\test-output\FailedTestsScreenshots&amp;apos;.">
      <![CDATA[java.io.IOException: Cannot create directory 'C:\Users\kathiravan\Documents\Eclipse_work-space\etsyindia\test-output\FailedTestsScreenshots'.
at org.apache.commons.io.FileUtils.mkdirs(FileUtils.java:2200)
at org.apache.commons.io.FileUtils.createParentDirectories(FileUtils.java:1113)
at org.apache.commons.io.FileUtils.copyFile(FileUtils.java:843)
at org.apache.commons.io.FileUtils.copyFile(FileUtils.java:756)
at com.etsy.utills.ExtentReport.getScreenshot(ExtentReport.java:35)
at com.etsy.utills.ExtentReport.getReport(ExtentReport.java:51)
at java.base/java.util.ArrayList.forEach(ArrayList.java:1511)
... Removed 30 stack frames]]>
    </failure>
  </testcase> <!-- @AfterMethod getReport -->
  <testcase classname="com.etsy.utills.ExtentReport" name="@AfterMethod getReport" time="0.0">
    <skipped/>
  </testcase> <!-- @AfterMethod getReport -->
  <testcase classname="com.etsy.utills.ExtentReport" name="@AfterMethod getReport" time="0.0">
    <skipped/>
  </testcase> <!-- @AfterMethod getReport -->
  <testcase classname="com.etsy.testbase.TestBase" name="@AfterClass tearDown" time="0.0">
    <skipped/>
  </testcase> <!-- @AfterClass tearDown -->
  <testcase classname="com.etsy.utills.ExtentReport" name="@AfterTest testEnd" time="0.0">
    <skipped/>
  </testcase> <!-- @AfterTest testEnd -->
  <testcase classname="com.etsy.tests.SignInModule" name="btnSignInClick" time="0.148"/>
  <testcase classname="com.etsy.tests.SignInModule" name="vissiblityOfSignInPageWebElements" time="0.0">
    <skipped/>
  </testcase> <!-- vissiblityOfSignInPageWebElements -->
  <testcase classname="com.etsy.tests.SignInModule" name="signin_withoutCredentials" time="0.0">
    <skipped/>
  </testcase> <!-- signin_withoutCredentials -->
  <testcase classname="com.etsy.tests.SignInModule" name="signin_withoutPassword" time="0.0">
    <failure type="java.lang.RuntimeException" message="java.io.FileNotFoundException: C:\Users\kathiravan\Documents\Eclipse_work-space\etsyindia\testdatas\etsy_validLoginCredential.xlsx (The system cannot find the path specified)">
      <![CDATA[java.lang.RuntimeException: java.io.FileNotFoundException: C:\Users\kathiravan\Documents\Eclipse_work-space\etsyindia\testdatas\etsy_validLoginCredential.xlsx (The system cannot find the path specified)
at java.base/java.util.ArrayList.forEach(ArrayList.java:1511)
Caused by: java.io.FileNotFoundException: C:\Users\kathiravan\Documents\Eclipse_work-space\etsyindia\testdatas\etsy_validLoginCredential.xlsx (The system cannot find the path specified)
at java.base/java.io.FileInputStream.open0(Native Method)
at java.base/java.io.FileInputStream.open(FileInputStream.java:219)
at java.base/java.io.FileInputStream.<init>(FileInputStream.java:158)
at com.etsy.utills.ExcelFileReader.<init>(ExcelFileReader.java:15)
at com.etsy.utills.TestDataProvider.singleTestData(TestDataProvider.java:21)
at com.etsy.testdatas.SignInTestDatas.testData(SignInTestDatas.java:12)
... 25 more
... Removed 30 stack frames]]>
    </failure>
  </testcase> <!-- signin_withoutPassword -->
  <testcase classname="com.etsy.tests.SignInModule" name="signin_withoutEmailId" time="0.0">
    <failure type="java.lang.RuntimeException" message="java.io.FileNotFoundException: C:\Users\kathiravan\Documents\Eclipse_work-space\etsyindia\testdatas\etsy_validLoginCredential.xlsx (The system cannot find the path specified)">
      <![CDATA[java.lang.RuntimeException: java.io.FileNotFoundException: C:\Users\kathiravan\Documents\Eclipse_work-space\etsyindia\testdatas\etsy_validLoginCredential.xlsx (The system cannot find the path specified)
at java.base/java.util.ArrayList.forEach(ArrayList.java:1511)
Caused by: java.io.FileNotFoundException: C:\Users\kathiravan\Documents\Eclipse_work-space\etsyindia\testdatas\etsy_validLoginCredential.xlsx (The system cannot find the path specified)
at java.base/java.io.FileInputStream.open0(Native Method)
at java.base/java.io.FileInputStream.open(FileInputStream.java:219)
at java.base/java.io.FileInputStream.<init>(FileInputStream.java:158)
at com.etsy.utills.ExcelFileReader.<init>(ExcelFileReader.java:15)
at com.etsy.utills.TestDataProvider.singleTestData(TestDataProvider.java:21)
at com.etsy.testdatas.SignInTestDatas.testData(SignInTestDatas.java:12)
... 25 more
... Removed 30 stack frames]]>
    </failure>
  </testcase> <!-- signin_withoutEmailId -->
  <testcase classname="com.etsy.tests.SignInModule" name="signin_withValidCredentials" time="0.0">
    <failure type="java.lang.RuntimeException" message="java.io.FileNotFoundException: C:\Users\kathiravan\Documents\Eclipse_work-space\etsyindia\testdatas\etsy_validLoginCredential.xlsx (The system cannot find the path specified)">
      <![CDATA[java.lang.RuntimeException: java.io.FileNotFoundException: C:\Users\kathiravan\Documents\Eclipse_work-space\etsyindia\testdatas\etsy_validLoginCredential.xlsx (The system cannot find the path specified)
at java.base/java.util.ArrayList.forEach(ArrayList.java:1511)
Caused by: java.io.FileNotFoundException: C:\Users\kathiravan\Documents\Eclipse_work-space\etsyindia\testdatas\etsy_validLoginCredential.xlsx (The system cannot find the path specified)
at java.base/java.io.FileInputStream.open0(Native Method)
at java.base/java.io.FileInputStream.open(FileInputStream.java:219)
at java.base/java.io.FileInputStream.<init>(FileInputStream.java:158)
at com.etsy.utills.ExcelFileReader.<init>(ExcelFileReader.java:15)
at com.etsy.utills.TestDataProvider.singleTestData(TestDataProvider.java:21)
at com.etsy.testdatas.SignInTestDatas.testData(SignInTestDatas.java:12)
... 25 more
... Removed 30 stack frames]]>
    </failure>
  </testcase> <!-- signin_withValidCredentials -->
  <testcase classname="com.etsy.utills.ExtentReport" name="@AfterTest testEnd" time="0.0">
    <ignored/>
  </testcase> <!-- @AfterTest testEnd -->
  <testcase classname="com.etsy.utills.ExtentReport" name="@AfterTest testEnd" time="0.0">
    <ignored/>
  </testcase> <!-- @AfterTest testEnd -->
</testsuite> <!-- SignInTest -->
